<?xml version="1.0" encoding="UTF-8"?>
<!-- Generated by org.testng.reporters.JUnitReportReporter -->
<testsuite hostname="DESKTOP-P9KV7FH" failures="0" tests="1" name="com.myntraProjectUpdate.App" time="60.272" errors="0" timestamp="2023-06-09T15:27:53 IST" skipped="0">
  <testcase classname="com.myntraProjectUpdate.App" name="search" time="60.272"/>
  <system-out/>
</testsuite> <!-- com.myntraProjectUpdate.App -->
